Using pre-set license
Built from '2020.3/staging' branch; Version is '2020.3.0f1 (c7b5465681fb) revision 13088070'; Using compiler version '192528614'; Build Type 'Release'
OS: 'Windows 10 Pro; OS build 18363.1198; Version 1909; 64bit' Language: 'en' Physical Memory: 8089 MB
BatchMode: 1, IsHumanControllingUs: 0, StartBugReporterOnCrash: 0, Is64bit: 1, IsPro: 0

 COMMAND LINE ARGUMENTS:
C:\Program Files\Unity\Editor\Unity.exe
-adb2
-batchMode
-noUpm
-name
AssetImportWorker0
-projectPath
C:/Users/MayarBarakat/Desktop/LPK
-logFile
Logs/AssetImportWorker0.log
-srvPort
11146
Successfully changed project path to: C:/Users/MayarBarakat/Desktop/LPK
C:/Users/MayarBarakat/Desktop/LPK
Using Asset Import Pipeline V2.
