Using pre-set license
Built from '2020.3/staging' branch; Version is '2020.3.0f1 (c7b5465681fb) revision 13088070'; Using compiler version '192528614'; Build Type 'Release'
OS: 'Windows 10 Enterprise; OS build 19043.1052; Version 2009; 64bit' Language: 'en' Physical Memory: 8072 MB
BatchMode: 1, IsHumanControllingUs: 0, StartBugReporterOnCrash: 0, Is64bit: 1, IsPro: 0

 COMMAND LINE ARGUMENTS:
C:\Program Files\Unity\Hub\Editor\2020.3.0f1\Editor\Unity.exe
-adb2
-batchMode
-noUpm
-name
AssetImportWorker0
-projectPath
E:/unity/LPK
-logFile
Logs/AssetImportWorker0.log
-srvPort
1058
Successfully changed project path to: E:/unity/LPK
E:/unity/LPK
Using Asset Import Pipeline V2.
Refreshing native plugins compatible for Editor in 45.36 ms, found 0 plugins.
Preloading 0 native plugins for Editor in 0.00 ms.
Initialize engine version: 2020.3.0f1 (c7b5465681fb)
[Subsystems] Discovering subsystems at path C:/Program Files/Unity/Hub/Editor/2020.3.0f1/Editor/Data/Resources/UnitySubsystems
[Subsystems] Discovering subsystems at path E:/unity/LPK/Assets
GfxDevice: creating device client; threaded=0
Direct3D:
    Version:  Direct3D 11.0 [level 11.0]
    Renderer: NVIDIA GeForce 930MX (ID=0x134e)
    Vendor:   
    VRAM:     2010 MB
    Driver:   27.21.14.5167
Initialize mono
Mono path[0] = 'C:/Program Files/Unity/Hub/Editor/2020.3.0f1/Editor/Data/Managed'
Mono path[1] = 'C:/Program Files/Unity/Hub/Editor/2020.3.0f1/Editor/Data/MonoBleedingEdge/lib/mono/unityjit'
Mono config path = 'C:/Program Files/Unity/Hub/Editor/2020.3.0f1/Editor/Data/MonoBleedingEdge/etc'
Using monoOptions --debugger-agent=transport=dt_socket,embedding=1,server=y,suspend=n,address=127.0.0.1:56860
Begin MonoManager ReloadAssembly
Registering precompiled unity dll's ...
Register platform support module: C:/Program Files/Unity/Hub/Editor/2020.3.0f1/Editor/Data/PlaybackEngines/WindowsStandaloneSupport/UnityEditor.WindowsStandalone.Extensions.dll
Registered in 0.005074 seconds.
Native extension for WindowsStandalone target not found
Refreshing native plugins compatible for Editor in 42.44 ms, found 0 plugins.
Preloading 0 native plugins for Editor in 0.00 ms.
Invoked RoslynAnalysisRunner static constructor.
RoslynAnalysisRunner will not be running.
RoslynAnalysisRunner has terminated.
Mono: successfully reloaded assembly
- Completed reload, in  3.213 seconds
Platform modules already initialized, skipping
Registering precompiled user dll's ...
Registered in 0.000923 seconds.
Begin MonoManager ReloadAssembly
Native extension for WindowsStandalone target not found
Refreshing native plugins compatible for Editor in 37.81 ms, found 0 plugins.
Preloading 0 native plugins for Editor in 0.00 ms.
Invoked RoslynAnalysisRunner static constructor.
RoslynAnalysisRunner will not be running.
RoslynAnalysisRunner has terminated.
Mono: successfully reloaded assembly
- Completed reload, in  1.560 seconds
Platform modules already initialized, skipping
========================================================================
Worker process is ready to serve import requests
Launched and connected shader compiler UnityShaderCompiler.exe after 0.05 seconds
Refreshing native plugins compatible for Editor in 0.28 ms, found 0 plugins.
Preloading 0 native plugins for Editor in 0.00 ms.
Unloading 1176 Unused Serialized files (Serialized files now loaded: 0)
System memory in use before: 72.1 MB.
System memory in use after: 72.1 MB.

Unloading 10 unused Assets to reduce memory usage. Loaded Objects now: 1635.
Total: 2.145100 ms (FindLiveObjects: 0.340200 ms CreateObjectMapping: 0.068700 ms MarkObjects: 1.638300 ms  DeleteObjects: 0.096300 ms)

========================================================================
Received Import Request.
  path: Assets/generic/programming something/restBar/down/down.cs
  artifactKey: Guid(330e378d20c4c4246b0d25a786cef95b) Importer(815301076,1909f56bfc062723c751e8b465ee728b)
Start importing Assets/generic/programming something/restBar/down/down.cs using Guid(330e378d20c4c4246b0d25a786cef95b) Importer(815301076,1909f56bfc062723c751e8b465ee728b)  -> (artifact id: '187fa71c0158e67f1172272787585d90') in 0.111140 seconds
  Import took 0.114302 seconds .

========================================================================
Received Prepare
Registering precompiled user dll's ...
Registered in 0.000671 seconds.
Begin MonoManager ReloadAssembly
Native extension for WindowsStandalone target not found
Refreshing native plugins compatible for Editor in 0.27 ms, found 0 plugins.
Preloading 0 native plugins for Editor in 0.00 ms.
Invoked RoslynAnalysisRunner static constructor.
RoslynAnalysisRunner will not be running.
RoslynAnalysisRunner has terminated.
Mono: successfully reloaded assembly
- Completed reload, in  1.037 seconds
Platform modules already initialized, skipping
Switching build target platform(5) subTarget(0) extendedPlatform(0) -> platform(13) subTarget(537395200) extendedPlatform(0)
Refreshing native plugins compatible for Editor in 0.26 ms, found 0 plugins.
Preloading 0 native plugins for Editor in 0.00 ms.
Unloading 1174 Unused Serialized files (Serialized files now loaded: 0)
System memory in use before: 71.7 MB.
System memory in use after: 71.8 MB.

Unloading 5 unused Assets to reduce memory usage. Loaded Objects now: 1638.
Total: 2.840300 ms (FindLiveObjects: 0.661700 ms CreateObjectMapping: 0.090300 ms MarkObjects: 2.020800 ms  DeleteObjects: 0.065500 ms)

AssetImportParameters requested are different than current active one (requested -> active):
  custom:graphics/normal-map-encoding: 01000000000000000000000000000000 -> 02000000000000000000000000000000
========================================================================
Received Prepare
Registering precompiled user dll's ...
Registered in 0.000819 seconds.
Begin MonoManager ReloadAssembly
Native extension for WindowsStandalone target not found
Refreshing native plugins compatible for Editor in 0.27 ms, found 0 plugins.
Preloading 0 native plugins for Editor in 0.00 ms.
Invoked RoslynAnalysisRunner static constructor.
RoslynAnalysisRunner will not be running.
RoslynAnalysisRunner has terminated.
Mono: successfully reloaded assembly
- Completed reload, in  1.111 seconds
Platform modules already initialized, skipping
Switching build target platform(5) subTarget(0) extendedPlatform(0) -> platform(13) subTarget(537395200) extendedPlatform(0)
Refreshing native plugins compatible for Editor in 0.26 ms, found 0 plugins.
Preloading 0 native plugins for Editor in 0.00 ms.
Unloading 1174 Unused Serialized files (Serialized files now loaded: 0)
System memory in use before: 71.7 MB.
System memory in use after: 71.8 MB.

Unloading 5 unused Assets to reduce memory usage. Loaded Objects now: 1641.
Total: 2.068400 ms (FindLiveObjects: 0.153400 ms CreateObjectMapping: 0.042100 ms MarkObjects: 1.805500 ms  DeleteObjects: 0.065400 ms)

AssetImportParameters requested are different than current active one (requested -> active):
  custom:graphics/normal-map-encoding: 01000000000000000000000000000000 -> 02000000000000000000000000000000
========================================================================
Received Prepare
Registering precompiled user dll's ...
Registered in 0.000835 seconds.
Begin MonoManager ReloadAssembly
Native extension for WindowsStandalone target not found
Refreshing native plugins compatible for Editor in 0.27 ms, found 0 plugins.
Preloading 0 native plugins for Editor in 0.00 ms.
Invoked RoslynAnalysisRunner static constructor.
RoslynAnalysisRunner will not be running.
RoslynAnalysisRunner has terminated.
Mono: successfully reloaded assembly
- Completed reload, in  1.103 seconds
Platform modules already initialized, skipping
Switching build target platform(5) subTarget(0) extendedPlatform(0) -> platform(13) subTarget(537395200) extendedPlatform(0)
Refreshing native plugins compatible for Editor in 0.27 ms, found 0 plugins.
Preloading 0 native plugins for Editor in 0.00 ms.
Unloading 1174 Unused Serialized files (Serialized files now loaded: 0)
System memory in use before: 71.7 MB.
System memory in use after: 71.8 MB.

Unloading 5 unused Assets to reduce memory usage. Loaded Objects now: 1644.
Total: 2.478000 ms (FindLiveObjects: 0.264400 ms CreateObjectMapping: 0.107300 ms MarkObjects: 2.033900 ms  DeleteObjects: 0.070600 ms)

AssetImportParameters requested are different than current active one (requested -> active):
  custom:graphics/normal-map-encoding: 01000000000000000000000000000000 -> 02000000000000000000000000000000
========================================================================
Received Prepare
Registering precompiled user dll's ...
Registered in 0.002142 seconds.
Begin MonoManager ReloadAssembly
Native extension for WindowsStandalone target not found
Refreshing native plugins compatible for Editor in 0.27 ms, found 0 plugins.
Preloading 0 native plugins for Editor in 0.00 ms.
Invoked RoslynAnalysisRunner static constructor.
RoslynAnalysisRunner will not be running.
RoslynAnalysisRunner has terminated.
Mono: successfully reloaded assembly
- Completed reload, in  1.086 seconds
Platform modules already initialized, skipping
Switching build target platform(5) subTarget(0) extendedPlatform(0) -> platform(13) subTarget(537395200) extendedPlatform(0)
Refreshing native plugins compatible for Editor in 0.27 ms, found 0 plugins.
Preloading 0 native plugins for Editor in 0.00 ms.
Unloading 1174 Unused Serialized files (Serialized files now loaded: 0)
System memory in use before: 71.7 MB.
System memory in use after: 71.8 MB.

Unloading 5 unused Assets to reduce memory usage. Loaded Objects now: 1647.
Total: 1.963000 ms (FindLiveObjects: 0.185800 ms CreateObjectMapping: 0.059900 ms MarkObjects: 1.645500 ms  DeleteObjects: 0.068900 ms)

AssetImportParameters requested are different than current active one (requested -> active):
  custom:graphics/normal-map-encoding: 01000000000000000000000000000000 -> 02000000000000000000000000000000
========================================================================
Received Prepare
Registering precompiled user dll's ...
Registered in 0.000746 seconds.
Begin MonoManager ReloadAssembly
Native extension for WindowsStandalone target not found
Refreshing native plugins compatible for Editor in 0.27 ms, found 0 plugins.
Preloading 0 native plugins for Editor in 0.00 ms.
Invoked RoslynAnalysisRunner static constructor.
RoslynAnalysisRunner will not be running.
RoslynAnalysisRunner has terminated.
Mono: successfully reloaded assembly
- Completed reload, in  1.100 seconds
Platform modules already initialized, skipping
Switching build target platform(5) subTarget(0) extendedPlatform(0) -> platform(13) subTarget(537395200) extendedPlatform(0)
Refreshing native plugins compatible for Editor in 0.26 ms, found 0 plugins.
Preloading 0 native plugins for Editor in 0.00 ms.
Unloading 1174 Unused Serialized files (Serialized files now loaded: 0)
System memory in use before: 71.8 MB.
System memory in use after: 71.8 MB.

Unloading 5 unused Assets to reduce memory usage. Loaded Objects now: 1650.
Total: 2.208100 ms (FindLiveObjects: 0.338500 ms CreateObjectMapping: 0.080200 ms MarkObjects: 1.715900 ms  DeleteObjects: 0.070600 ms)

AssetImportParameters requested are different than current active one (requested -> active):
  custom:graphics/normal-map-encoding: 01000000000000000000000000000000 -> 02000000000000000000000000000000
========================================================================
Received Prepare
Registering precompiled user dll's ...
Registered in 0.000986 seconds.
Begin MonoManager ReloadAssembly
Native extension for WindowsStandalone target not found
Refreshing native plugins compatible for Editor in 0.29 ms, found 0 plugins.
Preloading 0 native plugins for Editor in 0.00 ms.
Invoked RoslynAnalysisRunner static constructor.
RoslynAnalysisRunner will not be running.
RoslynAnalysisRunner has terminated.
Mono: successfully reloaded assembly
- Completed reload, in  1.077 seconds
Platform modules already initialized, skipping
Switching build target platform(5) subTarget(0) extendedPlatform(0) -> platform(13) subTarget(537395200) extendedPlatform(0)
Refreshing native plugins compatible for Editor in 0.26 ms, found 0 plugins.
Preloading 0 native plugins for Editor in 0.00 ms.
Unloading 1174 Unused Serialized files (Serialized files now loaded: 0)
System memory in use before: 71.8 MB.
System memory in use after: 71.8 MB.

Unloading 5 unused Assets to reduce memory usage. Loaded Objects now: 1653.
Total: 2.538500 ms (FindLiveObjects: 0.259600 ms CreateObjectMapping: 0.096100 ms MarkObjects: 2.091500 ms  DeleteObjects: 0.089000 ms)

AssetImportParameters requested are different than current active one (requested -> active):
  custom:graphics/normal-map-encoding: 01000000000000000000000000000000 -> 02000000000000000000000000000000
========================================================================
Received Prepare
Registering precompiled user dll's ...
Registered in 0.000731 seconds.
Begin MonoManager ReloadAssembly
Native extension for WindowsStandalone target not found
Refreshing native plugins compatible for Editor in 0.27 ms, found 0 plugins.
Preloading 0 native plugins for Editor in 0.00 ms.
Invoked RoslynAnalysisRunner static constructor.
RoslynAnalysisRunner will not be running.
RoslynAnalysisRunner has terminated.
Mono: successfully reloaded assembly
- Completed reload, in  1.150 seconds
Platform modules already initialized, skipping
Switching build target platform(5) subTarget(0) extendedPlatform(0) -> platform(13) subTarget(537395200) extendedPlatform(0)
Refreshing native plugins compatible for Editor in 0.26 ms, found 0 plugins.
Preloading 0 native plugins for Editor in 0.00 ms.
Unloading 1174 Unused Serialized files (Serialized files now loaded: 0)
System memory in use before: 71.8 MB.
System memory in use after: 71.8 MB.

Unloading 5 unused Assets to reduce memory usage. Loaded Objects now: 1656.
Total: 2.049800 ms (FindLiveObjects: 0.194000 ms CreateObjectMapping: 0.068800 ms MarkObjects: 1.713600 ms  DeleteObjects: 0.071400 ms)

AssetImportParameters requested are different than current active one (requested -> active):
  custom:graphics/normal-map-encoding: 01000000000000000000000000000000 -> 02000000000000000000000000000000
========================================================================
Received Prepare
Registering precompiled user dll's ...
Registered in 0.000684 seconds.
Begin MonoManager ReloadAssembly
Native extension for WindowsStandalone target not found
Refreshing native plugins compatible for Editor in 0.27 ms, found 0 plugins.
Preloading 0 native plugins for Editor in 0.00 ms.
Invoked RoslynAnalysisRunner static constructor.
RoslynAnalysisRunner will not be running.
RoslynAnalysisRunner has terminated.
Mono: successfully reloaded assembly
- Completed reload, in  1.155 seconds
Platform modules already initialized, skipping
Switching build target platform(5) subTarget(0) extendedPlatform(0) -> platform(13) subTarget(537395200) extendedPlatform(0)
Refreshing native plugins compatible for Editor in 0.26 ms, found 0 plugins.
Preloading 0 native plugins for Editor in 0.00 ms.
Unloading 1174 Unused Serialized files (Serialized files now loaded: 0)
System memory in use before: 71.8 MB.
System memory in use after: 71.9 MB.

Unloading 5 unused Assets to reduce memory usage. Loaded Objects now: 1659.
Total: 2.700300 ms (FindLiveObjects: 0.304300 ms CreateObjectMapping: 0.060300 ms MarkObjects: 2.259600 ms  DeleteObjects: 0.072600 ms)

AssetImportParameters requested are different than current active one (requested -> active):
  custom:graphics/normal-map-encoding: 01000000000000000000000000000000 -> 02000000000000000000000000000000
========================================================================
Received Import Request.
  Time since last request: 2285.468925 seconds.
  path: Assets/generic/programming something/restBar/if
  artifactKey: Guid(3a3c03d07234b474e99811b59e95547e) Importer(815301076,1909f56bfc062723c751e8b465ee728b)
Start importing Assets/generic/programming something/restBar/if using Guid(3a3c03d07234b474e99811b59e95547e) Importer(815301076,1909f56bfc062723c751e8b465ee728b)  -> (artifact id: '54d91869194548424e800ab6862f3064') in 0.024154 seconds
  Import took 0.136815 seconds .

========================================================================
Received Import Request.
  Time since last request: 3.038735 seconds.
  path: Assets/generic/programming something/restBar/for/for.prefab
  artifactKey: Guid(d04c309710ed79a47935b0aabce58945) Importer(815301076,1909f56bfc062723c751e8b465ee728b)
Start importing Assets/generic/programming something/restBar/for/for.prefab using Guid(d04c309710ed79a47935b0aabce58945) Importer(815301076,1909f56bfc062723c751e8b465ee728b)  -> (artifact id: 'f6cb2d48085d57dd724ab53a108533d2') in 0.085148 seconds
  Import took 0.088362 seconds .

========================================================================
Received Import Request.
  Time since last request: 31.304403 seconds.
  path: Assets/generic/programming something/restBar/if/if-logo-1.png
  artifactKey: Guid(8b1c5cfbe5f410843af697d13f853f1c) Importer(815301076,1909f56bfc062723c751e8b465ee728b)
Start importing Assets/generic/programming something/restBar/if/if-logo-1.png using Guid(8b1c5cfbe5f410843af697d13f853f1c) Importer(815301076,1909f56bfc062723c751e8b465ee728b)  -> (artifact id: '8650b5efbe716b6426591c02c5f33a03') in 0.104066 seconds
  Import took 0.129747 seconds .

========================================================================
Received Import Request.
  Time since last request: 8.355681 seconds.
  path: Assets/generic/programming something/restBar/if/if-logo-1.png
  artifactKey: Guid(8b1c5cfbe5f410843af697d13f853f1c) Importer(815301076,1909f56bfc062723c751e8b465ee728b)
Start importing Assets/generic/programming something/restBar/if/if-logo-1.png using Guid(8b1c5cfbe5f410843af697d13f853f1c) Importer(815301076,1909f56bfc062723c751e8b465ee728b)  -> (artifact id: 'eb62622273572420dbea50e0d50066ef') in 0.171214 seconds
  Import took 0.211023 seconds .

========================================================================
Received Import Request.
  Time since last request: 96.550897 seconds.
  path: Assets/generic/programming something/restBar/if/if.prefab
  artifactKey: Guid(75061b1718072b44e858adb6fca0da59) Importer(815301076,1909f56bfc062723c751e8b465ee728b)
Start importing Assets/generic/programming something/restBar/if/if.prefab using Guid(75061b1718072b44e858adb6fca0da59) Importer(815301076,1909f56bfc062723c751e8b465ee728b)  -> (artifact id: '825c1271c5d941f3046799b8b5384d07') in 0.008962 seconds
  Import took 0.109719 seconds .

========================================================================
Received Import Request.
  Time since last request: 7.003467 seconds.
  path: Assets/generic/programming something/restBar/if/if.cs
  artifactKey: Guid(0724c39bec78e83429bfca31f6cd7697) Importer(815301076,1909f56bfc062723c751e8b465ee728b)
Start importing Assets/generic/programming something/restBar/if/if.cs using Guid(0724c39bec78e83429bfca31f6cd7697) Importer(815301076,1909f56bfc062723c751e8b465ee728b)  -> (artifact id: '77166208d2d1de360bc559cb724e4d42') in 0.017502 seconds
  Import took 0.071830 seconds .

========================================================================
Received Prepare
Registering precompiled user dll's ...
Registered in 0.001222 seconds.
Begin MonoManager ReloadAssembly
Native extension for WindowsStandalone target not found
Refreshing native plugins compatible for Editor in 0.27 ms, found 0 plugins.
Preloading 0 native plugins for Editor in 0.00 ms.
Invoked RoslynAnalysisRunner static constructor.
RoslynAnalysisRunner will not be running.
RoslynAnalysisRunner has terminated.
Mono: successfully reloaded assembly
- Completed reload, in  1.216 seconds
Platform modules already initialized, skipping
Switching build target platform(5) subTarget(0) extendedPlatform(0) -> platform(13) subTarget(537395200) extendedPlatform(0)
Refreshing native plugins compatible for Editor in 0.26 ms, found 0 plugins.
Preloading 0 native plugins for Editor in 0.00 ms.
Unloading 1174 Unused Serialized files (Serialized files now loaded: 0)
System memory in use before: 74.9 MB.
System memory in use after: 75.0 MB.

Unloading 5 unused Assets to reduce memory usage. Loaded Objects now: 1668.
Total: 3.032200 ms (FindLiveObjects: 0.297500 ms CreateObjectMapping: 0.095500 ms MarkObjects: 2.549300 ms  DeleteObjects: 0.087300 ms)

AssetImportParameters requested are different than current active one (requested -> active):
  custom:graphics/normal-map-encoding: 01000000000000000000000000000000 -> 02000000000000000000000000000000
========================================================================
Received Import Request.
  Time since last request: 36.949474 seconds.
  path: Assets/generic/programming something/restBar/if/ifScript.cs
  artifactKey: Guid(7fb7746dbfee08e4d9e9cac5034fa7f0) Importer(815301076,1909f56bfc062723c751e8b465ee728b)
Start importing Assets/generic/programming something/restBar/if/ifScript.cs using Guid(7fb7746dbfee08e4d9e9cac5034fa7f0) Importer(815301076,1909f56bfc062723c751e8b465ee728b)  -> (artifact id: '0655639b3ec4c6585ad7c3409c580094') in 0.044021 seconds
  Import took 0.049216 seconds .

========================================================================
Received Prepare
Registering precompiled user dll's ...
Registered in 0.000747 seconds.
Begin MonoManager ReloadAssembly
Native extension for WindowsStandalone target not found
Refreshing native plugins compatible for Editor in 0.28 ms, found 0 plugins.
Preloading 0 native plugins for Editor in 0.00 ms.
Invoked RoslynAnalysisRunner static constructor.
RoslynAnalysisRunner will not be running.
RoslynAnalysisRunner has terminated.
Mono: successfully reloaded assembly
- Completed reload, in  1.184 seconds
Platform modules already initialized, skipping
Switching build target platform(5) subTarget(0) extendedPlatform(0) -> platform(13) subTarget(537395200) extendedPlatform(0)
Refreshing native plugins compatible for Editor in 0.26 ms, found 0 plugins.
Preloading 0 native plugins for Editor in 0.00 ms.
Unloading 1175 Unused Serialized files (Serialized files now loaded: 0)
System memory in use before: 74.9 MB.
System memory in use after: 75.0 MB.

Unloading 5 unused Assets to reduce memory usage. Loaded Objects now: 1672.
Total: 2.368000 ms (FindLiveObjects: 0.271800 ms CreateObjectMapping: 0.114200 ms MarkObjects: 1.910900 ms  DeleteObjects: 0.069600 ms)

AssetImportParameters requested are different than current active one (requested -> active):
  custom:graphics/normal-map-encoding: 01000000000000000000000000000000 -> 02000000000000000000000000000000
========================================================================
Received Prepare
Registering precompiled user dll's ...
Registered in 0.007278 seconds.
Begin MonoManager ReloadAssembly
Native extension for WindowsStandalone target not found
Refreshing native plugins compatible for Editor in 0.27 ms, found 0 plugins.
Preloading 0 native plugins for Editor in 0.00 ms.
Invoked RoslynAnalysisRunner static constructor.
RoslynAnalysisRunner will not be running.
RoslynAnalysisRunner has terminated.
Mono: successfully reloaded assembly
- Completed reload, in  1.188 seconds
Platform modules already initialized, skipping
Switching build target platform(5) subTarget(0) extendedPlatform(0) -> platform(13) subTarget(537395200) extendedPlatform(0)
Refreshing native plugins compatible for Editor in 0.26 ms, found 0 plugins.
Preloading 0 native plugins for Editor in 0.00 ms.
Unloading 1175 Unused Serialized files (Serialized files now loaded: 0)
System memory in use before: 74.9 MB.
System memory in use after: 75.0 MB.

Unloading 5 unused Assets to reduce memory usage. Loaded Objects now: 1675.
Total: 2.831000 ms (FindLiveObjects: 0.390100 ms CreateObjectMapping: 0.085400 ms MarkObjects: 2.285900 ms  DeleteObjects: 0.067400 ms)

AssetImportParameters requested are different than current active one (requested -> active):
  custom:graphics/normal-map-encoding: 01000000000000000000000000000000 -> 02000000000000000000000000000000
========================================================================
Received Import Request.
  Time since last request: 58.808225 seconds.
  path: Assets/generic/programming something/restBar/if/ifScript.cs
  artifactKey: Guid(7fb7746dbfee08e4d9e9cac5034fa7f0) Importer(815301076,1909f56bfc062723c751e8b465ee728b)
Start importing Assets/generic/programming something/restBar/if/ifScript.cs using Guid(7fb7746dbfee08e4d9e9cac5034fa7f0) Importer(815301076,1909f56bfc062723c751e8b465ee728b)  -> (artifact id: 'f8e20c502c3399b170366f720c8acb7a') in 0.010107 seconds
  Import took 0.076388 seconds .

========================================================================
Received Prepare
Registering precompiled user dll's ...
Registered in 0.000778 seconds.
Begin MonoManager ReloadAssembly
Native extension for WindowsStandalone target not found
Refreshing native plugins compatible for Editor in 0.31 ms, found 0 plugins.
Preloading 0 native plugins for Editor in 0.00 ms.
Invoked RoslynAnalysisRunner static constructor.
RoslynAnalysisRunner will not be running.
RoslynAnalysisRunner has terminated.
Mono: successfully reloaded assembly
- Completed reload, in  1.132 seconds
Platform modules already initialized, skipping
Switching build target platform(5) subTarget(0) extendedPlatform(0) -> platform(13) subTarget(537395200) extendedPlatform(0)
Refreshing native plugins compatible for Editor in 0.49 ms, found 0 plugins.
Preloading 0 native plugins for Editor in 0.00 ms.
Unloading 1175 Unused Serialized files (Serialized files now loaded: 0)
System memory in use before: 74.9 MB.
System memory in use after: 75.0 MB.

Unloading 5 unused Assets to reduce memory usage. Loaded Objects now: 1678.
Total: 5.093200 ms (FindLiveObjects: 0.291500 ms CreateObjectMapping: 0.099900 ms MarkObjects: 2.712500 ms  DeleteObjects: 1.986500 ms)

AssetImportParameters requested are different than current active one (requested -> active):
  custom:graphics/normal-map-encoding: 01000000000000000000000000000000 -> 02000000000000000000000000000000
========================================================================
Received Import Request.
  Time since last request: 23.773025 seconds.
  path: Assets/generic/programming something/restBar/if/if.prefab
  artifactKey: Guid(75061b1718072b44e858adb6fca0da59) Importer(815301076,1909f56bfc062723c751e8b465ee728b)
Start importing Assets/generic/programming something/restBar/if/if.prefab using Guid(75061b1718072b44e858adb6fca0da59) Importer(815301076,1909f56bfc062723c751e8b465ee728b)  -> (artifact id: '49cfadff25a110ae26c4ec309bcb7e3f') in 0.113672 seconds
  Import took 0.297534 seconds .

========================================================================
Received Prepare
Registering precompiled user dll's ...
Registered in 0.000646 seconds.
Begin MonoManager ReloadAssembly
Native extension for WindowsStandalone target not found
Refreshing native plugins compatible for Editor in 0.32 ms, found 0 plugins.
Preloading 0 native plugins for Editor in 0.00 ms.
Invoked RoslynAnalysisRunner static constructor.
RoslynAnalysisRunner will not be running.
RoslynAnalysisRunner has terminated.
Mono: successfully reloaded assembly
- Completed reload, in  1.096 seconds
Platform modules already initialized, skipping
Switching build target platform(5) subTarget(0) extendedPlatform(0) -> platform(13) subTarget(537395200) extendedPlatform(0)
Refreshing native plugins compatible for Editor in 0.28 ms, found 0 plugins.
Preloading 0 native plugins for Editor in 0.00 ms.
Unloading 1175 Unused Serialized files (Serialized files now loaded: 0)
System memory in use before: 74.9 MB.
System memory in use after: 75.0 MB.

Unloading 5 unused Assets to reduce memory usage. Loaded Objects now: 1681.
Total: 3.315200 ms (FindLiveObjects: 0.669900 ms CreateObjectMapping: 0.081300 ms MarkObjects: 2.493800 ms  DeleteObjects: 0.068000 ms)

AssetImportParameters requested are different than current active one (requested -> active):
  custom:graphics/normal-map-encoding: 01000000000000000000000000000000 -> 02000000000000000000000000000000
========================================================================
Received Prepare
Registering precompiled user dll's ...
Registered in 0.001074 seconds.
Begin MonoManager ReloadAssembly
Native extension for WindowsStandalone target not found
Refreshing native plugins compatible for Editor in 0.52 ms, found 0 plugins.
Preloading 0 native plugins for Editor in 0.00 ms.
Invoked RoslynAnalysisRunner static constructor.
RoslynAnalysisRunner will not be running.
RoslynAnalysisRunner has terminated.
Mono: successfully reloaded assembly
- Completed reload, in  3.101 seconds
Platform modules already initialized, skipping
Switching build target platform(5) subTarget(0) extendedPlatform(0) -> platform(13) subTarget(537395200) extendedPlatform(0)
Refreshing native plugins compatible for Editor in 1.32 ms, found 0 plugins.
Preloading 0 native plugins for Editor in 0.00 ms.
Unloading 1175 Unused Serialized files (Serialized files now loaded: 0)
System memory in use before: 74.9 MB.
System memory in use after: 75.0 MB.

Unloading 5 unused Assets to reduce memory usage. Loaded Objects now: 1684.
Total: 5.345200 ms (FindLiveObjects: 0.504300 ms CreateObjectMapping: 0.313600 ms MarkObjects: 4.417500 ms  DeleteObjects: 0.106200 ms)

AssetImportParameters requested are different than current active one (requested -> active):
  custom:graphics/normal-map-encoding: 01000000000000000000000000000000 -> 02000000000000000000000000000000
========================================================================
Received Import Request.
  Time since last request: 354.634295 seconds.
  path: Assets/generic/programming something/restBar/if/image-asset.png
  artifactKey: Guid(7e1fdab2f48b2c449ab3cc94a0de580f) Importer(815301076,1909f56bfc062723c751e8b465ee728b)
Start importing Assets/generic/programming something/restBar/if/image-asset.png using Guid(7e1fdab2f48b2c449ab3cc94a0de580f) Importer(815301076,1909f56bfc062723c751e8b465ee728b)  -> (artifact id: '584f48635488f1112447d156c19aa6ff') in 0.106565 seconds
  Import took 0.158258 seconds .

========================================================================
Received Import Request.
  Time since last request: 8.316208 seconds.
  path: Assets/generic/programming something/restBar/if/image-asset.png
  artifactKey: Guid(7e1fdab2f48b2c449ab3cc94a0de580f) Importer(815301076,1909f56bfc062723c751e8b465ee728b)
Start importing Assets/generic/programming something/restBar/if/image-asset.png using Guid(7e1fdab2f48b2c449ab3cc94a0de580f) Importer(815301076,1909f56bfc062723c751e8b465ee728b)  -> (artifact id: '337f46cf892b1492afd70d4b9e3bd90b') in 0.130482 seconds
  Import took 0.282228 seconds .

========================================================================
Received Import Request.
  Time since last request: 1293.446560 seconds.
  path: Assets/generic/programming something/restBar/if/if  (1).png
  artifactKey: Guid(3afc78140eb170945ab2eb09da8492c2) Importer(815301076,1909f56bfc062723c751e8b465ee728b)
Start importing Assets/generic/programming something/restBar/if/if  (1).png using Guid(3afc78140eb170945ab2eb09da8492c2) Importer(815301076,1909f56bfc062723c751e8b465ee728b)  -> (artifact id: 'dd7c078fa61c034ebd9345d9267da430') in 0.039994 seconds
  Import took 0.052947 seconds .

========================================================================
Received Import Request.
  Time since last request: 6.675730 seconds.
  path: Assets/generic/programming something/restBar/if/if  (1).png
  artifactKey: Guid(3afc78140eb170945ab2eb09da8492c2) Importer(815301076,1909f56bfc062723c751e8b465ee728b)
Start importing Assets/generic/programming something/restBar/if/if  (1).png using Guid(3afc78140eb170945ab2eb09da8492c2) Importer(815301076,1909f56bfc062723c751e8b465ee728b)  -> (artifact id: 'a4756b6e5de4f27aa53eb501201d3b36') in 0.046070 seconds
  Import took 0.073791 seconds .

========================================================================
Received Prepare
Registering precompiled user dll's ...
Registered in 0.001390 seconds.
Begin MonoManager ReloadAssembly
Native extension for WindowsStandalone target not found
Refreshing native plugins compatible for Editor in 0.48 ms, found 0 plugins.
Preloading 0 native plugins for Editor in 0.00 ms.
Invoked RoslynAnalysisRunner static constructor.
RoslynAnalysisRunner will not be running.
RoslynAnalysisRunner has terminated.
Mono: successfully reloaded assembly
- Completed reload, in  2.293 seconds
Platform modules already initialized, skipping
Switching build target platform(5) subTarget(0) extendedPlatform(0) -> platform(13) subTarget(537395200) extendedPlatform(0)
Refreshing native plugins compatible for Editor in 0.26 ms, found 0 plugins.
Preloading 0 native plugins for Editor in 0.00 ms.
Unloading 1175 Unused Serialized files (Serialized files now loaded: 0)
System memory in use before: 75.0 MB.
System memory in use after: 75.0 MB.

Unloading 5 unused Assets to reduce memory usage. Loaded Objects now: 1690.
Total: 2.113200 ms (FindLiveObjects: 0.176000 ms CreateObjectMapping: 0.052800 ms MarkObjects: 1.816100 ms  DeleteObjects: 0.067100 ms)

AssetImportParameters requested are different than current active one (requested -> active):
  custom:graphics/normal-map-encoding: 01000000000000000000000000000000 -> 02000000000000000000000000000000
========================================================================
Received Import Request.
  Time since last request: 141.308888 seconds.
  path: Assets/generic/programming something/restBar/if/if.prefab
  artifactKey: Guid(75061b1718072b44e858adb6fca0da59) Importer(815301076,1909f56bfc062723c751e8b465ee728b)
Start importing Assets/generic/programming something/restBar/if/if.prefab using Guid(75061b1718072b44e858adb6fca0da59) Importer(815301076,1909f56bfc062723c751e8b465ee728b)  -> (artifact id: '6731794e853d1fee36e4af64093da092') in 0.056739 seconds
  Import took 0.061264 seconds .

========================================================================
Received Import Request.
  Time since last request: 367.857768 seconds.
  path: Assets/generic/programming something/RunBar/ifInBar
  artifactKey: Guid(d4f74c8de680f8c4f93526164351824a) Importer(815301076,1909f56bfc062723c751e8b465ee728b)
Start importing Assets/generic/programming something/RunBar/ifInBar using Guid(d4f74c8de680f8c4f93526164351824a) Importer(815301076,1909f56bfc062723c751e8b465ee728b)  -> (artifact id: 'b23f2938b4bb10a2878adca7e0910360') in 0.026920 seconds
  Import took 0.055849 seconds .

========================================================================
Received Import Request.
  Time since last request: 64.822122 seconds.
  path: Assets/generic/programming something/RunBar/ifInBar/ifInBar.prefab
  artifactKey: Guid(116bb39ab79324b4781d7c777ec89fdf) Importer(815301076,1909f56bfc062723c751e8b465ee728b)
Start importing Assets/generic/programming something/RunBar/ifInBar/ifInBar.prefab using Guid(116bb39ab79324b4781d7c777ec89fdf) Importer(815301076,1909f56bfc062723c751e8b465ee728b)  -> (artifact id: 'cfb5b9f14c777ab25e9d4697afd79c03') in 0.008700 seconds
  Import took 0.042858 seconds .

========================================================================
Received Import Request.
  Time since last request: 0.002410 seconds.
  path: Assets/generic/programming something/RunBar/ifInBar/ifInBar.prefab
  artifactKey: Guid(116bb39ab79324b4781d7c777ec89fdf) Importer(815301076,1909f56bfc062723c751e8b465ee728b)
Start importing Assets/generic/programming something/RunBar/ifInBar/ifInBar.prefab using Guid(116bb39ab79324b4781d7c777ec89fdf) Importer(815301076,1909f56bfc062723c751e8b465ee728b)  -> (artifact id: 'cfb5b9f14c777ab25e9d4697afd79c03') in 0.011098 seconds
  Import took 0.014890 seconds .

========================================================================
Received Import Request.
  Time since last request: 79.510797 seconds.
  path: Assets/generic/programming something/RunBar/ifInBar/if  (1).png
  artifactKey: Guid(566365a20b9aa5f4a9240609ac4eadec) Importer(815301076,1909f56bfc062723c751e8b465ee728b)
Start importing Assets/generic/programming something/RunBar/ifInBar/if  (1).png using Guid(566365a20b9aa5f4a9240609ac4eadec) Importer(815301076,1909f56bfc062723c751e8b465ee728b)  -> (artifact id: '01d17cebed22c08e9396ca0924f24315') in 0.047602 seconds
  Import took 0.050632 seconds .

AssetImportWorkerClient::OnTransportError - code=2 error=End of file
